<?xml version="1.0" encoding="utf-8"?><testsuites name="pytest tests"><testsuite name="pytest" errors="0" failures="0" skipped="0" tests="10" time="46.942" timestamp="2026-06-23T10:04:57.194928+00:00" hostname="agent-env-88d9e4a9-662b-46e7-af7f-ea862c5364d2"><testcase classname="backend.tests.test_phase4_editor" name="test_put_plan_updates_and_persists" time="14.154" /><testcase classname="backend.tests.test_phase4_editor" name="test_put_plan_renumbers_scenes_defensively" time="0.119" /><testcase classname="backend.tests.test_phase4_editor" name="test_put_unknown_id_returns_404" time="0.095" /><testcase classname="backend.tests.test_phase4_editor" name="test_regenerate_single_scene_preserves_scriptText" time="6.697" /><testcase classname="backend.tests.test_phase4_editor" name="test_regenerate_single_scene_with_script_override" time="9.628" /><testcase classname="backend.tests.test_phase4_editor" name="test_regenerate_scene_unknown_project_404" time="0.099" /><testcase classname="backend.tests.test_phase4_editor" name="test_regenerate_scene_order_out_of_range_404" time="0.099" /><testcase classname="backend.tests.test_phase4_editor" name="test_regenerate_full_plan_returns_fresh_plan" time="15.383" /><testcase classname="backend.tests.test_phase4_editor" name="test_regenerate_full_unknown_id_404" time="0.099" /><testcase classname="backend.tests.test_phase4_editor" name="test_regenerate_full_empty_script_400" time="0.400" /></testsuite></testsuites>