<?xml version="1.0" encoding="utf-8"?><testsuites name="pytest tests"><testsuite name="pytest" errors="0" failures="0" skipped="0" tests="10" time="14.855" timestamp="2026-06-23T09:21:08.423810+00:00" hostname="agent-env-88d9e4a9-662b-46e7-af7f-ea862c5364d2"><testcase classname="backend.tests.test_projects_analyze" name="test_root_ok" time="0.266" /><testcase classname="backend.tests.test_projects_analyze" name="test_analyze_empty_script_returns_400" time="0.109" /><testcase classname="backend.tests.test_projects_analyze" name="test_analyze_missing_script_returns_422" time="0.105" /><testcase classname="backend.tests.test_projects_analyze" name="test_analyze_returns_project_record" time="13.890" /><testcase classname="backend.tests.test_projects_analyze" name="test_analyze_scenes_shape" time="0.000" /><testcase classname="backend.tests.test_projects_analyze" name="test_keyword_reason_variety" time="0.000" /><testcase classname="backend.tests.test_projects_analyze" name="test_project_title_is_short" time="0.000" /><testcase classname="backend.tests.test_projects_analyze" name="test_list_projects_contains_new_record" time="0.108" /><testcase classname="backend.tests.test_projects_analyze" name="test_get_project_by_id_roundtrip" time="0.089" /><testcase classname="backend.tests.test_projects_analyze" name="test_get_project_404" time="0.131" /></testsuite></testsuites>